{"content": {"suites": {"0": {"status": {"total_pass": 16, "total_skip": 0, "total_xpass": 0, "total_xfail": 0, "total_rerun": 0, "total_fail": 2, "total_error": 0}, "tests": {"0": {"status": "PASS", "message": "", "test_name": "test_addNewChap", "rerun": "0"}, "1": {"status": "PASS", "message": "", "test_name": "test_addNewRead", "rerun": "0"}, "2": {"status": "PASS", "message": "", "test_name": "test_chapDragDrop", "rerun": "0"}, "3": {"status": "PASS", "message": "", "test_name": "test_customizeBookTitle", "rerun": "0"}, "4": {"status": "PASS", "message": "", "test_name": "test_customizeChapterTitle", "rerun": "0"}, "5": {"status": "FAIL", "message": "   selenium.common.exceptions.TimeoutException: Message:\n", "test_name": "test_ddList", "rerun": "0"}, "6": {"status": "PASS", "message": "", "test_name": "test_deleteChap1", "rerun": "0"}, "7": {"status": "PASS", "message": "", "test_name": "test_fb_select", "rerun": "0"}, "8": {"status": "PASS", "message": "", "test_name": "test_flexbook_page", "rerun": "0"}, "9": {"status": "PASS", "message": "", "test_name": "test_flexbook_selectOptions_0_English", "rerun": "0"}, "10": {"status": "PASS", "message": "", "test_name": "test_flexbook_selectOptions_1_English", "rerun": "0"}, "11": {"status": "PASS", "message": "", "test_name": "test_flexbook_selectOptions_2_English", "rerun": "0"}, "12": {"status": "PASS", "message": "", "test_name": "test_flexbook_selectOptions_3_English", "rerun": "0"}, "13": {"status": "FAIL", "message": "   selenium.common.exceptions.ElementClickInterceptedException: Message: element click intercepted: Element <div...class=\"js_expand_toggle row_expand_toggle ui-icon ui-icon-triangle-1-e\"> </div> is not clickable at point (377, 408). Other element would receive the click: <div id=\"page-disable\" class=\"page-disable js-page-disable\"></div>\n     (Session info: chrome=88.0.4324.192)\n", "test_name": "test_readDragDrop", "rerun": "0"}, "14": {"status": "PASS", "message": "", "test_name": "test_removeRead", "rerun": "0"}, "15": {"status": "PASS", "message": "", "test_name": "test_renameRead", "rerun": "0"}, "16": {"status": "PASS", "message": "", "test_name": "test_toggleExpand", "rerun": "0"}, "17": {"status": "PASS", "message": "", "test_name": "test_user_name", "rerun": "0"}}, "suite_name": "mce_editor_test.py"}}}, "date": "March 05, 2021", "start_time": 1614977819, "total_suite": 1, "status": "FAIL", "status_list": {"pass": "16", "fail": "2", "skip": "0", "error": "0", "xpass": "0", "xfail": "0", "rerun": "0"}, "total_tests": "18"}