{"content": {"suites": {"0": {"status": {"total_pass": 9, "total_skip": 0, "total_xpass": 0, "total_xfail": 0, "total_rerun": 0, "total_fail": 2, "total_error": 0}, "tests": {"0": {"status": "PASS", "message": "", "test_name": "test_chapDragDrop", "rerun": "0"}, "1": {"status": "FAIL", "message": "   selenium.common.exceptions.ElementClickInterceptedException: Message: element click intercepted: Element <a class=\"button turquoise new-primary-btn js_save_artifact hide-for-collaborator\" id=\"btn_save_artifact\" title=\"...\">Save</a> is not clickable at point (199, 376). Other element would receive the click: <div id=\"page-disable\" class=\"page-disable js-page-disable\"></div>\n     (Session info: chrome=88.0.4324.192)\n", "test_name": "test_customize_Book_Title", "rerun": "0"}, "2": {"status": "PASS", "message": "", "test_name": "test_fb_select", "rerun": "0"}, "3": {"status": "PASS", "message": "", "test_name": "test_flexbook_page", "rerun": "0"}, "4": {"status": "PASS", "message": "", "test_name": "test_flexbook_selectOptions_0_English", "rerun": "0"}, "5": {"status": "PASS", "message": "", "test_name": "test_flexbook_selectOptions_1_English", "rerun": "0"}, "6": {"status": "PASS", "message": "", "test_name": "test_flexbook_selectOptions_2_English", "rerun": "0"}, "7": {"status": "PASS", "message": "", "test_name": "test_flexbook_selectOptions_3_English", "rerun": "0"}, "8": {"status": "FAIL", "message": "   AssertionError: assert False\n    +  where False = <bound method CustomizePage.checkReadDragDrop of <pages.customizePage.CustomizePage object at 0x7ff066cc59d0>>()\n    +    where <bound method CustomizePage.checkReadDragDrop of <pages.customizePage.CustomizePage object at 0x7ff066cc59d0>> = <pages.customizePage.CustomizePage object at 0x7ff066cc59d0>.checkReadDragDrop\n", "test_name": "test_readDragDrop", "rerun": "0"}, "9": {"status": "PASS", "message": "", "test_name": "test_toggleExpand", "rerun": "0"}, "10": {"status": "PASS", "message": "", "test_name": "test_user_name", "rerun": "0"}}, "suite_name": "mce_editor_test.py"}}}, "date": "March 04, 2021", "start_time": 1614904014, "total_suite": 1, "status": "FAIL", "status_list": {"pass": "9", "fail": "2", "skip": "0", "error": "0", "xpass": "0", "xfail": "0", "rerun": "0"}, "total_tests": "11"}